<?xml version="1.0" encoding="UTF-8"?>
<!-- Generated by org.testng.reporters.JUnitXMLReporter -->
<testsuite ignored="2" hostname="DESKTOP-OCRHRAL" failures="0" tests="1" name="Default test" time="28.05" errors="0" timestamp="2023-09-20T08:49:04 BST">
  <testcase classname="UdemyElement.selectdatetimepicker" name="addstock" time="19.979"/>
  <testcase classname="UdemyElement.selectdatetimepicker" name="gotoprofile" time="0.0">
    <ignored/>
  </testcase> <!-- gotoprofile -->
  <testcase classname="UdemyElement.selectdatetimepicker" name="addMF" time="0.0">
    <ignored/>
  </testcase> <!-- addMF -->
</testsuite> <!-- Default test -->
