<?xml version="1.0" encoding="UTF-8"?>
<testng-results ignored="2" total="3" passed="1" failed="0" skipped="0">
  <reporter-output>
  </reporter-output>
  <suite started-at="2023-09-20T08:48:36 BST" name="Default suite" finished-at="2023-09-20T08:49:04 BST" duration-ms="28050">
    <groups>
    </groups>
    <test started-at="2023-09-20T08:48:36 BST" name="Default test" finished-at="2023-09-20T08:49:04 BST" duration-ms="28050">
      <class name="UdemyElement.selectdatetimepicker">
        <test-method is-config="true" signature="setup()[pri:0, instance:UdemyElement.selectdatetimepicker@3e27ba32]" started-at="2023-09-20T08:48:36 BST" name="setup" finished-at="2023-09-20T08:48:44 BST" duration-ms="7989" status="PASS">
          <reporter-output>
          </reporter-output>
        </test-method> <!-- setup -->
        <test-method signature="addstock()[pri:2, instance:UdemyElement.selectdatetimepicker@3e27ba32]" started-at="2023-09-20T08:48:44 BST" name="addstock" finished-at="2023-09-20T08:49:04 BST" duration-ms="19979" status="PASS">
          <reporter-output>
          </reporter-output>
        </test-method> <!-- addstock -->
      </class> <!-- UdemyElement.selectdatetimepicker -->
    </test> <!-- Default test -->
  </suite> <!-- Default suite -->
</testng-results>
