<?xml version="1.0" encoding="UTF-8"?>
<testng-results ignored="0" total="2" passed="2" failed="0" skipped="0">
  <reporter-output>
  </reporter-output>
  <suite started-at="2023-03-28T22:45:26 CAT" name="Default suite" finished-at="2023-03-28T22:45:36 CAT" duration-ms="10052">
    <groups>
    </groups>
    <test started-at="2023-03-28T22:45:26 CAT" name="Default test" finished-at="2023-03-28T22:45:36 CAT" duration-ms="10052">
      <class name="testCases.TC01_E2E_Test">
        <test-method is-config="true" signature="setUp()[pri:0, instance:testCases.TC01_E2E_Test@5b218417]" started-at="2023-03-28T22:45:26 CAT" name="setUp" finished-at="2023-03-28T22:45:31 CAT" duration-ms="4479" status="PASS">
          <reporter-output>
          </reporter-output>
        </test-method> <!-- setUp -->
        <test-method signature="loginTest()[pri:0, instance:testCases.TC01_E2E_Test@5b218417]" started-at="2023-03-28T22:45:31 CAT" name="loginTest" finished-at="2023-03-28T22:45:35 CAT" duration-ms="4289" status="PASS">
          <reporter-output>
          </reporter-output>
        </test-method> <!-- loginTest -->
        <test-method signature="tearDown()[pri:0, instance:testCases.TC01_E2E_Test@5b218417]" started-at="2023-03-28T22:45:35 CAT" name="tearDown" finished-at="2023-03-28T22:45:36 CAT" duration-ms="1204" status="PASS">
          <reporter-output>
          </reporter-output>
        </test-method> <!-- tearDown -->
      </class> <!-- testCases.TC01_E2E_Test -->
    </test> <!-- Default test -->
  </suite> <!-- Default suite -->
</testng-results>
